{
  "stats": {
    "suites": 3,
    "tests": 17,
    "passes": 17,
    "pending": 0,
    "failures": 0,
    "start": "2020-03-30T00:22:50.316Z",
    "end": "2020-03-30T00:22:51.427Z",
    "duration": 1111,
    "testsRegistered": 17,
    "passPercent": 100,
    "pendingPercent": 0,
    "other": 0,
    "hasOther": false,
    "skipped": 0,
    "hasSkipped": false
  },
  "results": [
    {
      "uuid": "a5125262-e835-4e10-80a9-8f7aa2b07a85",
      "title": "",
      "fullFile": "",
      "file": "",
      "beforeHooks": [],
      "afterHooks": [],
      "tests": [],
      "suites": [
        {
          "uuid": "5f44f017-a873-4f7a-9a0c-65eecb78791a",
          "title": "Delete Saved Search",
          "fullFile": "/Users/adave/Documents/GitHub/planet-api/planet-api/test/DeleteSearch.js",
          "file": "/test/DeleteSearch.js",
          "beforeHooks": [
            {
              "title": "\"before all\" hook",
              "fullTitle": "Delete Saved Search \"before all\" hook",
              "timedOut": false,
              "duration": 377,
              "state": null,
              "speed": null,
              "pass": false,
              "fail": false,
              "pending": false,
              "context": null,
              "code": "res = savedSearch.createSavedSearch();\nresponseJson = res.getBody().toString();\nsearchID = JSON.parse(responseJson).id;\n//update search - name & itemType change\nnewres = savedSearch.deleteSearch(searchID);",
              "err": {},
              "uuid": "c9e253eb-2b8c-42d7-bf03-a07299345a12",
              "parentUUID": "5f44f017-a873-4f7a-9a0c-65eecb78791a",
              "isHook": true,
              "skipped": false
            }
          ],
          "afterHooks": [],
          "tests": [
            {
              "title": "delete saved returned 204 status code",
              "fullTitle": "Delete Saved Search delete saved returned 204 status code",
              "timedOut": false,
              "duration": 0,
              "state": "passed",
              "speed": "fast",
              "pass": true,
              "fail": false,
              "pending": false,
              "context": null,
              "code": "assert.equal(newres.statusCode,204, 'api didnt returned 204');",
              "err": {},
              "uuid": "b1b77922-a27b-4fda-86ca-6feb09626f57",
              "parentUUID": "5f44f017-a873-4f7a-9a0c-65eecb78791a",
              "isHook": false,
              "skipped": false
            },
            {
              "title": "finding saved search returns 404",
              "fullTitle": "Delete Saved Search finding saved search returns 404",
              "timedOut": false,
              "duration": 137,
              "state": "passed",
              "speed": "slow",
              "pass": true,
              "fail": false,
              "pending": false,
              "context": null,
              "code": "assert.equal(savedSearch.findSavedSearch(searchID).statusCode,404, 'delete search didnt work');",
              "err": {},
              "uuid": "a25fcee4-55fc-4bf6-9b84-5895149321eb",
              "parentUUID": "5f44f017-a873-4f7a-9a0c-65eecb78791a",
              "isHook": false,
              "skipped": false
            }
          ],
          "suites": [],
          "passes": [
            "b1b77922-a27b-4fda-86ca-6feb09626f57",
            "a25fcee4-55fc-4bf6-9b84-5895149321eb"
          ],
          "failures": [],
          "pending": [],
          "skipped": [],
          "duration": 137,
          "root": false,
          "rootEmpty": false,
          "_timeout": 2000
        },
        {
          "uuid": "acaff7ad-b7c0-40db-a3c9-896f5354d2ed",
          "title": "Update Saved Search",
          "fullFile": "/Users/adave/Documents/GitHub/planet-api/planet-api/test/UpdateSavedSearch.js",
          "file": "/test/UpdateSavedSearch.js",
          "beforeHooks": [
            {
              "title": "\"before all\" hook",
              "fullTitle": "Update Saved Search \"before all\" hook",
              "timedOut": false,
              "duration": 305,
              "state": null,
              "speed": null,
              "pass": false,
              "fail": false,
              "pending": false,
              "context": null,
              "code": "res = savedSearch.createSavedSearch();\nresponseJson = res.getBody().toString();\nsearchID = JSON.parse(responseJson).id;\n//update search - name & itemType change\nnewres = savedSearch.updateSearch(searchID);\nnewResponseJson = newres.getBody().toString();\nnewSearchID = JSON.parse(newResponseJson).id;",
              "err": {},
              "uuid": "18549e21-c081-4b63-8a4d-710cf739ae65",
              "parentUUID": "acaff7ad-b7c0-40db-a3c9-896f5354d2ed",
              "isHook": true,
              "skipped": false
            }
          ],
          "afterHooks": [],
          "tests": [
            {
              "title": "update saved search returned 200 status code",
              "fullTitle": "Update Saved Search update saved search returned 200 status code",
              "timedOut": false,
              "duration": 0,
              "state": "passed",
              "speed": "fast",
              "pass": true,
              "fail": false,
              "pending": false,
              "context": null,
              "code": "assert.equal(newres.statusCode,200, 'api didnt returned 200');",
              "err": {},
              "uuid": "7e7da661-c551-42a9-8262-fe9f30af5e79",
              "parentUUID": "acaff7ad-b7c0-40db-a3c9-896f5354d2ed",
              "isHook": false,
              "skipped": false
            },
            {
              "title": "verify searchID remains same after update",
              "fullTitle": "Update Saved Search verify searchID remains same after update",
              "timedOut": false,
              "duration": 0,
              "state": "passed",
              "speed": "fast",
              "pass": true,
              "fail": false,
              "pending": false,
              "context": null,
              "code": "assert.equal(searchID,newSearchID, 'ID field changed after update');",
              "err": {},
              "uuid": "57aeda6b-1808-462f-865d-402c8c676ec4",
              "parentUUID": "acaff7ad-b7c0-40db-a3c9-896f5354d2ed",
              "isHook": false,
              "skipped": false
            },
            {
              "title": "verify certain fields are existing after updating saved saerch",
              "fullTitle": "Update Saved Search verify certain fields are existing after updating saved saerch",
              "timedOut": false,
              "duration": 1,
              "state": "passed",
              "speed": "fast",
              "pass": true,
              "fail": false,
              "pending": false,
              "context": null,
              "code": "assert.exists(JSON.parse(newResponseJson).__daily_email_enabled);\nassert.exists(JSON.parse(newResponseJson)._links);\nassert.exists(JSON.parse(newResponseJson).created);\nassert.exists(JSON.parse(newResponseJson).filter);\nassert.exists(JSON.parse(newResponseJson).id);\nassert.exists(JSON.parse(newResponseJson).item_types);\nassert.exists(JSON.parse(newResponseJson).name);\nassert.exists(JSON.parse(newResponseJson).search_type);\nassert.exists(JSON.parse(newResponseJson).updated);",
              "err": {},
              "uuid": "19f4d586-338e-4877-a00e-4ccb8c1f5d04",
              "parentUUID": "acaff7ad-b7c0-40db-a3c9-896f5354d2ed",
              "isHook": false,
              "skipped": false
            },
            {
              "title": "verify search type has saved value",
              "fullTitle": "Update Saved Search verify search type has saved value",
              "timedOut": false,
              "duration": 0,
              "state": "passed",
              "speed": "fast",
              "pass": true,
              "fail": false,
              "pending": false,
              "context": null,
              "code": "assert.equal(JSON.parse(newResponseJson).search_type,'saved');",
              "err": {},
              "uuid": "26084af0-a66f-4c81-9950-24449d260050",
              "parentUUID": "acaff7ad-b7c0-40db-a3c9-896f5354d2ed",
              "isHook": false,
              "skipped": false
            },
            {
              "title": "verify itemtype is being updated ",
              "fullTitle": "Update Saved Search verify itemtype is being updated ",
              "timedOut": false,
              "duration": 1,
              "state": "passed",
              "speed": "fast",
              "pass": true,
              "fail": false,
              "pending": false,
              "context": null,
              "code": "assert.notEqual(JSON.parse(responseJson).item_types,JSON.parse(newResponseJson).item_types);",
              "err": {},
              "uuid": "230e2ff3-6607-4aeb-9f3c-339041a095b9",
              "parentUUID": "acaff7ad-b7c0-40db-a3c9-896f5354d2ed",
              "isHook": false,
              "skipped": false
            },
            {
              "title": "verify last executed field is null since its first search ",
              "fullTitle": "Update Saved Search verify last executed field is null since its first search ",
              "timedOut": false,
              "duration": 0,
              "state": "passed",
              "speed": "fast",
              "pass": true,
              "fail": false,
              "pending": false,
              "context": null,
              "code": "assert.isNull(JSON.parse(newResponseJson).last_executed);",
              "err": {},
              "uuid": "4cca676c-1145-4fd5-82e7-05db5cc72b4c",
              "parentUUID": "acaff7ad-b7c0-40db-a3c9-896f5354d2ed",
              "isHook": false,
              "skipped": false
            },
            {
              "title": "verify updated flag is changed ",
              "fullTitle": "Update Saved Search verify updated flag is changed ",
              "timedOut": false,
              "duration": 0,
              "state": "passed",
              "speed": "fast",
              "pass": true,
              "fail": false,
              "pending": false,
              "context": null,
              "code": "assert.notEqual(JSON.parse(responseJson).updated, JSON.parse(newResponseJson).updated);",
              "err": {},
              "uuid": "889ab5ae-90e2-4563-bc9f-6ae0dc291745",
              "parentUUID": "acaff7ad-b7c0-40db-a3c9-896f5354d2ed",
              "isHook": false,
              "skipped": false
            }
          ],
          "suites": [],
          "passes": [
            "7e7da661-c551-42a9-8262-fe9f30af5e79",
            "57aeda6b-1808-462f-865d-402c8c676ec4",
            "19f4d586-338e-4877-a00e-4ccb8c1f5d04",
            "26084af0-a66f-4c81-9950-24449d260050",
            "230e2ff3-6607-4aeb-9f3c-339041a095b9",
            "4cca676c-1145-4fd5-82e7-05db5cc72b4c",
            "889ab5ae-90e2-4563-bc9f-6ae0dc291745"
          ],
          "failures": [],
          "pending": [],
          "skipped": [],
          "duration": 2,
          "root": false,
          "rootEmpty": false,
          "_timeout": 2000
        },
        {
          "uuid": "8a39c2af-db88-49ca-bce0-d9048be28f70",
          "title": "Create Saved Search",
          "fullFile": "/Users/adave/Documents/GitHub/planet-api/planet-api/test/createSavedSearch.js",
          "file": "/test/createSavedSearch.js",
          "beforeHooks": [
            {
              "title": "\"before all\" hook",
              "fullTitle": "Create Saved Search \"before all\" hook",
              "timedOut": false,
              "duration": 146,
              "state": null,
              "speed": null,
              "pass": false,
              "fail": false,
              "pending": false,
              "context": null,
              "code": "res = savedSearch.createSavedSearch();\nresponseJson = res.getBody().toString();\nsearchID = JSON.parse(responseJson).id;",
              "err": {},
              "uuid": "45f29324-09be-4dd9-a0b3-fbdee139c916",
              "parentUUID": "8a39c2af-db88-49ca-bce0-d9048be28f70",
              "isHook": true,
              "skipped": false
            }
          ],
          "afterHooks": [],
          "tests": [
            {
              "title": "created saved search returned 200 status code",
              "fullTitle": "Create Saved Search created saved search returned 200 status code",
              "timedOut": false,
              "duration": 0,
              "state": "passed",
              "speed": "fast",
              "pass": true,
              "fail": false,
              "pending": false,
              "context": null,
              "code": "assert.equal(res.statusCode,200, 'api didnt returned 200');",
              "err": {},
              "uuid": "558c679a-81bc-4d25-b4e1-2dcaf5d83a00",
              "parentUUID": "8a39c2af-db88-49ca-bce0-d9048be28f70",
              "isHook": false,
              "skipped": false
            },
            {
              "title": "created saved search has a name stored",
              "fullTitle": "Create Saved Search created saved search has a name stored",
              "timedOut": false,
              "duration": 0,
              "state": "passed",
              "speed": "fast",
              "pass": true,
              "fail": false,
              "pending": false,
              "context": null,
              "code": "assert.equal(JSON.parse(responseJson).name,'PSScene3Band Search', 'created saved search name do not match');",
              "err": {},
              "uuid": "eb436d87-5d62-43ee-b917-a2c2aa4fe4cb",
              "parentUUID": "8a39c2af-db88-49ca-bce0-d9048be28f70",
              "isHook": false,
              "skipped": false
            },
            {
              "title": "verify fields exist in response",
              "fullTitle": "Create Saved Search verify fields exist in response",
              "timedOut": false,
              "duration": 0,
              "state": "passed",
              "speed": "fast",
              "pass": true,
              "fail": false,
              "pending": false,
              "context": null,
              "code": "assert.exists(JSON.parse(responseJson).__daily_email_enabled);\nassert.exists(JSON.parse(responseJson)._links);\nassert.exists(JSON.parse(responseJson).created);\nassert.exists(JSON.parse(responseJson).filter);\nassert.exists(JSON.parse(responseJson).id);\nassert.exists(JSON.parse(responseJson).item_types);\nassert.exists(JSON.parse(responseJson).name);\nassert.exists(JSON.parse(responseJson).search_type);\nassert.exists(JSON.parse(responseJson).updated);",
              "err": {},
              "uuid": "2575e097-e108-4312-a2ff-e3b461843d8a",
              "parentUUID": "8a39c2af-db88-49ca-bce0-d9048be28f70",
              "isHook": false,
              "skipped": false
            },
            {
              "title": "verify search type has saved value",
              "fullTitle": "Create Saved Search verify search type has saved value",
              "timedOut": false,
              "duration": 0,
              "state": "passed",
              "speed": "fast",
              "pass": true,
              "fail": false,
              "pending": false,
              "context": null,
              "code": "assert.equal(JSON.parse(responseJson).search_type,'saved');",
              "err": {},
              "uuid": "a99eb027-c750-4e8f-8970-5e4021254191",
              "parentUUID": "8a39c2af-db88-49ca-bce0-d9048be28f70",
              "isHook": false,
              "skipped": false
            },
            {
              "title": "verify item type is PSScene3Band ",
              "fullTitle": "Create Saved Search verify item type is PSScene3Band ",
              "timedOut": false,
              "duration": 0,
              "state": "passed",
              "speed": "fast",
              "pass": true,
              "fail": false,
              "pending": false,
              "context": null,
              "code": "assert.equal(JSON.parse(responseJson).item_types,'PSScene3Band');",
              "err": {},
              "uuid": "550527aa-9e78-4de2-ad54-866d0bfc8f4e",
              "parentUUID": "8a39c2af-db88-49ca-bce0-d9048be28f70",
              "isHook": false,
              "skipped": false
            },
            {
              "title": "verify last executed field is null since its first search ",
              "fullTitle": "Create Saved Search verify last executed field is null since its first search ",
              "timedOut": false,
              "duration": 0,
              "state": "passed",
              "speed": "fast",
              "pass": true,
              "fail": false,
              "pending": false,
              "context": null,
              "code": "assert.isNull(JSON.parse(responseJson).last_executed);",
              "err": {},
              "uuid": "062dec6b-df5d-489b-a13a-0c03f01b9c08",
              "parentUUID": "8a39c2af-db88-49ca-bce0-d9048be28f70",
              "isHook": false,
              "skipped": false
            },
            {
              "title": "verify that search is actually saved using get saved search method ",
              "fullTitle": "Create Saved Search verify that search is actually saved using get saved search method ",
              "timedOut": false,
              "duration": 129,
              "state": "passed",
              "speed": "slow",
              "pass": true,
              "fail": false,
              "pending": false,
              "context": null,
              "code": "let response = savedSearch.findSavedSearch(searchID);\nlet getSearchJSON = response.getBody().toString();\nassert.equal(JSON.parse(getSearchJSON).id,searchID);",
              "err": {},
              "uuid": "a6c5b3d1-fdd3-4249-986b-6fd548948de4",
              "parentUUID": "8a39c2af-db88-49ca-bce0-d9048be28f70",
              "isHook": false,
              "skipped": false
            },
            {
              "title": "verify create search & updated searchTime is same since its a new search ",
              "fullTitle": "Create Saved Search verify create search & updated searchTime is same since its a new search ",
              "timedOut": false,
              "duration": 0,
              "state": "passed",
              "speed": "fast",
              "pass": true,
              "fail": false,
              "pending": false,
              "context": null,
              "code": "assert.equal(JSON.parse(responseJson).created, JSON.parse(responseJson).updated);",
              "err": {},
              "uuid": "7e1187cf-771e-490e-a77a-3df786bf3419",
              "parentUUID": "8a39c2af-db88-49ca-bce0-d9048be28f70",
              "isHook": false,
              "skipped": false
            }
          ],
          "suites": [],
          "passes": [
            "558c679a-81bc-4d25-b4e1-2dcaf5d83a00",
            "eb436d87-5d62-43ee-b917-a2c2aa4fe4cb",
            "2575e097-e108-4312-a2ff-e3b461843d8a",
            "a99eb027-c750-4e8f-8970-5e4021254191",
            "550527aa-9e78-4de2-ad54-866d0bfc8f4e",
            "062dec6b-df5d-489b-a13a-0c03f01b9c08",
            "a6c5b3d1-fdd3-4249-986b-6fd548948de4",
            "7e1187cf-771e-490e-a77a-3df786bf3419"
          ],
          "failures": [],
          "pending": [],
          "skipped": [],
          "duration": 129,
          "root": false,
          "rootEmpty": false,
          "_timeout": 2000
        }
      ],
      "passes": [],
      "failures": [],
      "pending": [],
      "skipped": [],
      "duration": 0,
      "root": true,
      "rootEmpty": true,
      "_timeout": 2000
    }
  ],
  "meta": {
    "mocha": {
      "version": "7.1.1"
    },
    "mochawesome": {
      "options": {
        "quiet": false,
        "reportFilename": "mochawesome",
        "saveHtml": true,
        "saveJson": true,
        "consoleReporter": "spec",
        "useInlineDiffs": false,
        "code": true
      },
      "version": "5.0.0"
    },
    "marge": {
      "options": {},
      "version": "4.1.0"
    }
  }
}